<?xml version="1.0" encoding="UTF-8"?>
<testng-results ignored="0" total="2" passed="2" failed="0" skipped="0">
  <reporter-output>
  </reporter-output>
  <suite started-at="2024-10-26T11:21:51 IST" name="Default suite" finished-at="2024-10-26T11:23:10 IST" duration-ms="79227">
    <groups>
    </groups>
    <test started-at="2024-10-26T11:21:51 IST" name="Default test" finished-at="2024-10-26T11:23:10 IST" duration-ms="79227">
      <class name="Reports.CollectionReports">
        <test-method is-config="true" signature="beforetest()[pri:0, instance:Reports.CollectionReports@22555ebf]" started-at="2024-10-26T11:21:51 IST" name="beforetest" finished-at="2024-10-26T11:22:00 IST" duration-ms="9576" status="PASS">
          <reporter-output>
          </reporter-output>
        </test-method> <!-- beforetest -->
        <test-method signature="loginPage()[pri:1, instance:Reports.CollectionReports@22555ebf]" started-at="2024-10-26T11:22:00 IST" name="loginPage" finished-at="2024-10-26T11:22:32 IST" duration-ms="31837" status="PASS">
          <reporter-output>
          </reporter-output>
        </test-method> <!-- loginPage -->
        <test-method signature="collectiontest()[pri:2, instance:Reports.CollectionReports@22555ebf]" started-at="2024-10-26T11:22:32 IST" name="collectiontest" finished-at="2024-10-26T11:23:10 IST" duration-ms="37214" status="PASS">
          <reporter-output>
          </reporter-output>
        </test-method> <!-- collectiontest -->
        <test-method is-config="true" signature="tearDown()[pri:0, instance:Reports.CollectionReports@22555ebf]" started-at="2024-10-26T11:23:10 IST" name="tearDown" finished-at="2024-10-26T11:23:10 IST" duration-ms="533" status="PASS">
          <reporter-output>
          </reporter-output>
        </test-method> <!-- tearDown -->
      </class> <!-- Reports.CollectionReports -->
    </test> <!-- Default test -->
  </suite> <!-- Default suite -->
</testng-results>
