<?xml version="1.0" encoding="UTF-8"?>
<testng-results ignored="0" total="2" passed="2" failed="0" skipped="0">
  <reporter-output>
  </reporter-output>
  <suite started-at="2024-10-25T12:15:23 IST" name="Default suite" finished-at="2024-10-25T12:17:24 IST" duration-ms="120448">
    <groups>
    </groups>
    <test started-at="2024-10-25T12:15:23 IST" name="Default test" finished-at="2024-10-25T12:17:24 IST" duration-ms="120448">
      <class name="New_property_Wadhghat.MinorChanges">
        <test-method is-config="true" signature="beforetest()[pri:0, instance:New_property_Wadhghat.MinorChanges@34e9fd99]" started-at="2024-10-25T12:15:23 IST" name="beforetest" finished-at="2024-10-25T12:15:31 IST" duration-ms="7373" status="PASS">
          <reporter-output>
          </reporter-output>
        </test-method> <!-- beforetest -->
        <test-method signature="loginPage()[pri:1, instance:New_property_Wadhghat.MinorChanges@34e9fd99]" started-at="2024-10-25T12:15:31 IST" name="loginPage" finished-at="2024-10-25T12:15:50 IST" duration-ms="19197" status="PASS">
          <reporter-output>
          </reporter-output>
        </test-method> <!-- loginPage -->
        <test-method is-config="true" signature="aftermethod(org.testng.ITestResult,java.lang.reflect.Method)[pri:0, instance:New_property_Wadhghat.MinorChanges@34e9fd99]" started-at="2024-10-25T12:15:50 IST" name="aftermethod" finished-at="2024-10-25T12:15:50 IST" duration-ms="532" status="PASS">
          <params>
            <param index="0">
              <value>
                <![CDATA[[TestResult name=loginPage status=SUCCESS method=MinorChanges.loginPage()[pri:1, instance:New_property_Wadhghat.MinorChanges@34e9fd99] output={null}]]]>
              </value>
            </param>
            <param index="1">
              <value>
                <![CDATA[public void New_property_Wadhghat.MinorChanges.loginPage() throws java.lang.InterruptedException]]>
              </value>
            </param>
          </params>
          <reporter-output>
          </reporter-output>
        </test-method> <!-- aftermethod -->
        <test-method signature="performMinorChangeAndVerify()[pri:2, instance:New_property_Wadhghat.MinorChanges@34e9fd99]" started-at="2024-10-25T12:15:50 IST" name="performMinorChangeAndVerify" finished-at="2024-10-25T12:17:23 IST" duration-ms="92950" status="PASS">
          <reporter-output>
          </reporter-output>
        </test-method> <!-- performMinorChangeAndVerify -->
        <test-method is-config="true" signature="aftermethod(org.testng.ITestResult,java.lang.reflect.Method)[pri:0, instance:New_property_Wadhghat.MinorChanges@34e9fd99]" started-at="2024-10-25T12:17:23 IST" name="aftermethod" finished-at="2024-10-25T12:17:24 IST" duration-ms="335" status="PASS">
          <params>
            <param index="0">
              <value>
                <![CDATA[[TestResult name=performMinorChangeAndVerify status=SUCCESS method=MinorChanges.performMinorChangeAndVerify()[pri:2, instance:New_property_Wadhghat.MinorChanges@34e9fd99] output={null}]]]>
              </value>
            </param>
            <param index="1">
              <value>
                <![CDATA[public void New_property_Wadhghat.MinorChanges.performMinorChangeAndVerify() throws java.lang.Exception]]>
              </value>
            </param>
          </params>
          <reporter-output>
          </reporter-output>
        </test-method> <!-- aftermethod -->
      </class> <!-- New_property_Wadhghat.MinorChanges -->
    </test> <!-- Default test -->
  </suite> <!-- Default suite -->
</testng-results>
