<?xml version="1.0" encoding="UTF-8"?>
<!-- Generated by org.testng.reporters.JUnitXMLReporter -->
<testsuite ignored="0" hostname="DESKTOP-81MK3MI" failures="0" tests="11" name="CreateNewProperty" time="486.267" errors="0" timestamp="2024-10-27T17:55:57 IST">
  <testcase classname="New_property_Wadhghat.CMS_Test" name="loginPage" time="14.145"/>
  <testcase classname="New_property_Wadhghat.CMS_Test" name="cmsPageWadhghat" time="12.839"/>
  <testcase classname="New_property_Wadhghat.CMS_Test" name="cmsRegisterPageWadhghat" time="16.858"/>
  <testcase classname="New_property_Wadhghat.CMS_Test" name="cmsComplaintRegisterWadhghat" time="18.542"/>
  <testcase classname="New_property_Wadhghat.CMS_Test" name="searchComplaintWadhghat" time="36.974"/>
  <testcase classname="New_property_Wadhghat.CMS_Test" name="Dataentry_owner_info" time="35.156"/>
  <testcase classname="New_property_Wadhghat.CMS_Test" name="Dataentry_floor_info" time="45.893"/>
  <testcase classname="New_property_Wadhghat.CMS_Test" name="OldTaxex_info" time="81.211"/>
  <testcase classname="New_property_Wadhghat.CMS_Test" name="AddTaxes_and_UploadFiles" time="118.086"/>
  <testcase classname="New_property_Wadhghat.CMS_Test" name="WadhghatApproval" time="14.293"/>
  <testcase classname="New_property_Wadhghat.CMS_Test" name="councilapproval" time="86.846"/>
</testsuite> <!-- CreateNewProperty -->
